<?xml version="1.0" encoding="UTF-8"?>
<testsuite xmlns:xsi="http://www.w3.org/2001/XMLSchema-instance" xsi:noNamespaceSchemaLocation="https://maven.apache.org/surefire/maven-surefire-plugin/xsd/surefire-test-report-3.0.xsd" version="3.0" name="TestSuite" time="36.149" tests="10" errors="0" skipped="0" failures="0">
  <properties>
    <property name="java.specification.version" value="17"/>
    <property name="webdriver.chrome.driver" value="C:\Users\Lokanath Reddy\.cache\selenium\chromedriver\win32\97.0.4692.71\chromedriver.exe"/>
    <property name="sun.cpu.isalist" value="amd64"/>
    <property name="sun.jnu.encoding" value="Cp1252"/>
    <property name="java.class.path" value="C:\Users\Lokanath Reddy\eclipse-workspace\paraBank\target\test-classes;C:\Users\Lokanath Reddy\eclipse-workspace\paraBank\target\classes;C:\Users\Lokanath Reddy\.m2\repository\org\projectlombok\lombok\1.18.22\lombok-1.18.22.jar;C:\Users\Lokanath Reddy\.m2\repository\io\github\bonigarcia\webdrivermanager\5.0.3\webdrivermanager-5.0.3.jar;C:\Users\Lokanath Reddy\.m2\repository\org\slf4j\slf4j-api\1.7.32\slf4j-api-1.7.32.jar;C:\Users\Lokanath Reddy\.m2\repository\com\google\code\gson\gson\2.8.8\gson-2.8.8.jar;C:\Users\Lokanath Reddy\.m2\repository\org\jsoup\jsoup\1.14.2\jsoup-1.14.2.jar;C:\Users\Lokanath Reddy\.m2\repository\com\github\docker-java\docker-java\3.2.12\docker-java-3.2.12.jar;C:\Users\Lokanath Reddy\.m2\repository\com\github\docker-java\docker-java-core\3.2.12\docker-java-core-3.2.12.jar;C:\Users\Lokanath Reddy\.m2\repository\com\github\docker-java\docker-java-api\3.2.12\docker-java-api-3.2.12.jar;C:\Users\Lokanath Reddy\.m2\repository\com\fasterxml\jackson\core\jackson-annotations\2.10.3\jackson-annotations-2.10.3.jar;C:\Users\Lokanath Reddy\.m2\repository\org\apache\commons\commons-compress\1.21\commons-compress-1.21.jar;C:\Users\Lokanath Reddy\.m2\repository\commons-lang\commons-lang\2.6\commons-lang-2.6.jar;C:\Users\Lokanath Reddy\.m2\repository\com\fasterxml\jackson\core\jackson-databind\2.10.3\jackson-databind-2.10.3.jar;C:\Users\Lokanath Reddy\.m2\repository\com\fasterxml\jackson\core\jackson-core\2.10.3\jackson-core-2.10.3.jar;C:\Users\Lokanath Reddy\.m2\repository\org\bouncycastle\bcpkix-jdk15on\1.64\bcpkix-jdk15on-1.64.jar;C:\Users\Lokanath Reddy\.m2\repository\org\bouncycastle\bcprov-jdk15on\1.64\bcprov-jdk15on-1.64.jar;C:\Users\Lokanath Reddy\.m2\repository\org\slf4j\jcl-over-slf4j\1.7.30\jcl-over-slf4j-1.7.30.jar;C:\Users\Lokanath Reddy\.m2\repository\com\github\docker-java\docker-java-transport-httpclient5\3.2.12\docker-java-transport-httpclient5-3.2.12.jar;C:\Users\Lokanath Reddy\.m2\repository\com\github\docker-java\docker-java-transport\3.2.12\docker-java-transport-3.2.12.jar;C:\Users\Lokanath Reddy\.m2\repository\org\apache\httpcomponents\client5\httpclient5\5.0.3\httpclient5-5.0.3.jar;C:\Users\Lokanath Reddy\.m2\repository\org\apache\httpcomponents\core5\httpcore5\5.0.2\httpcore5-5.0.2.jar;C:\Users\Lokanath Reddy\.m2\repository\net\java\dev\jna\jna\5.8.0\jna-5.8.0.jar;C:\Users\Lokanath Reddy\.m2\repository\com\google\guava\guava\30.1.1-jre\guava-30.1.1-jre.jar;C:\Users\Lokanath Reddy\.m2\repository\com\google\guava\failureaccess\1.0.1\failureaccess-1.0.1.jar;C:\Users\Lokanath Reddy\.m2\repository\com\google\guava\listenablefuture\9999.0-empty-to-avoid-conflict-with-guava\listenablefuture-9999.0-empty-to-avoid-conflict-with-guava.jar;C:\Users\Lokanath Reddy\.m2\repository\org\checkerframework\checker-qual\3.8.0\checker-qual-3.8.0.jar;C:\Users\Lokanath Reddy\.m2\repository\com\google\errorprone\error_prone_annotations\2.5.1\error_prone_annotations-2.5.1.jar;C:\Users\Lokanath Reddy\.m2\repository\com\google\j2objc\j2objc-annotations\1.3\j2objc-annotations-1.3.jar;C:\Users\Lokanath Reddy\.m2\repository\org\brotli\dec\0.1.2\dec-0.1.2.jar;C:\Users\Lokanath Reddy\.m2\repository\org\testng\testng\7.5\testng-7.5.jar;C:\Users\Lokanath Reddy\.m2\repository\com\google\code\findbugs\jsr305\3.0.1\jsr305-3.0.1.jar;C:\Users\Lokanath Reddy\.m2\repository\com\beust\jcommander\1.78\jcommander-1.78.jar;C:\Users\Lokanath Reddy\.m2\repository\org\webjars\jquery\3.5.1\jquery-3.5.1.jar;C:\Users\Lokanath Reddy\.m2\repository\commons-io\commons-io\2.6\commons-io-2.6.jar;C:\Users\Lokanath Reddy\.m2\repository\com\aventstack\extentreports\5.0.9\extentreports-5.0.9.jar;C:\Users\Lokanath Reddy\.m2\repository\io\reactivex\rxjava3\rxjava\3.0.4\rxjava-3.0.4.jar;C:\Users\Lokanath Reddy\.m2\repository\org\reactivestreams\reactive-streams\1.0.3\reactive-streams-1.0.3.jar;C:\Users\Lokanath Reddy\.m2\repository\org\freemarker\freemarker\2.3.30\freemarker-2.3.30.jar;C:\Users\Lokanath Reddy\.m2\repository\org\apache\poi\poi\3.13\poi-3.13.jar;C:\Users\Lokanath Reddy\.m2\repository\commons-codec\commons-codec\1.9\commons-codec-1.9.jar;C:\Users\Lokanath Reddy\.m2\repository\org\apache\poi\poi-ooxml\3.13\poi-ooxml-3.13.jar;C:\Users\Lokanath Reddy\.m2\repository\org\apache\poi\poi-ooxml-schemas\3.9\poi-ooxml-schemas-3.9.jar;C:\Users\Lokanath Reddy\.m2\repository\org\apache\xmlbeans\xmlbeans\2.3.0\xmlbeans-2.3.0.jar;C:\Users\Lokanath Reddy\.m2\repository\stax\stax-api\1.0.1\stax-api-1.0.1.jar;C:\Users\Lokanath Reddy\.m2\repository\org\apache\poi\poi-scratchpad\3.9\poi-scratchpad-3.9.jar;C:\Users\Lokanath Reddy\.m2\repository\org\apache\poi\ooxml-schemas\1.1\ooxml-schemas-1.1.jar;C:\Users\Lokanath Reddy\.m2\repository\org\apache\poi\openxml4j\1.0-beta\openxml4j-1.0-beta.jar;C:\Users\Lokanath Reddy\.m2\repository\dom4j\dom4j\1.6.1\dom4j-1.6.1.jar;C:\Users\Lokanath Reddy\.m2\repository\xml-apis\xml-apis\1.0.b2\xml-apis-1.0.b2.jar;C:\Users\Lokanath Reddy\.m2\repository\log4j\log4j\1.2.8\log4j-1.2.8.jar;C:\Users\Lokanath Reddy\.m2\repository\org\seleniumhq\selenium\selenium-java\3.141.0\selenium-java-3.141.0.jar;C:\Users\Lokanath Reddy\.m2\repository\org\seleniumhq\selenium\selenium-api\3.141.0\selenium-api-3.141.0.jar;C:\Users\Lokanath Reddy\.m2\repository\org\seleniumhq\selenium\selenium-chrome-driver\3.141.0\selenium-chrome-driver-3.141.0.jar;C:\Users\Lokanath Reddy\.m2\repository\org\seleniumhq\selenium\selenium-edge-driver\3.141.0\selenium-edge-driver-3.141.0.jar;C:\Users\Lokanath Reddy\.m2\repository\org\seleniumhq\selenium\selenium-firefox-driver\3.141.0\selenium-firefox-driver-3.141.0.jar;C:\Users\Lokanath Reddy\.m2\repository\org\seleniumhq\selenium\selenium-ie-driver\3.141.0\selenium-ie-driver-3.141.0.jar;C:\Users\Lokanath Reddy\.m2\repository\org\seleniumhq\selenium\selenium-opera-driver\3.141.0\selenium-opera-driver-3.141.0.jar;C:\Users\Lokanath Reddy\.m2\repository\org\seleniumhq\selenium\selenium-remote-driver\3.141.0\selenium-remote-driver-3.141.0.jar;C:\Users\Lokanath Reddy\.m2\repository\org\seleniumhq\selenium\selenium-safari-driver\3.141.0\selenium-safari-driver-3.141.0.jar;C:\Users\Lokanath Reddy\.m2\repository\org\seleniumhq\selenium\selenium-support\3.141.0\selenium-support-3.141.0.jar;C:\Users\Lokanath Reddy\.m2\repository\net\bytebuddy\byte-buddy\1.8.15\byte-buddy-1.8.15.jar;C:\Users\Lokanath Reddy\.m2\repository\org\apache\commons\commons-exec\1.3\commons-exec-1.3.jar;C:\Users\Lokanath Reddy\.m2\repository\com\squareup\okhttp3\okhttp\3.11.0\okhttp-3.11.0.jar;C:\Users\Lokanath Reddy\.m2\repository\com\squareup\okio\okio\1.14.0\okio-1.14.0.jar;C:\Users\Lokanath Reddy\.m2\repository\com\relevantcodes\extentreports\2.41.2\extentreports-2.41.2.jar;C:\Users\Lokanath Reddy\.m2\repository\org\xerial\sqlite-jdbc\3.8.11.1\sqlite-jdbc-3.8.11.1.jar;C:\Users\Lokanath Reddy\.m2\repository\org\mongodb\mongodb-driver\3.0.4\mongodb-driver-3.0.4.jar;C:\Users\Lokanath Reddy\.m2\repository\org\mongodb\bson\3.0.4\bson-3.0.4.jar;C:\Users\Lokanath Reddy\.m2\repository\org\mongodb\mongodb-driver-core\3.0.4\mongodb-driver-core-3.0.4.jar;"/>
    <property name="java.vm.vendor" value="Oracle Corporation"/>
    <property name="sun.arch.data.model" value="64"/>
    <property name="user.variant" value=""/>
    <property name="java.vendor.url" value="https://java.oracle.com/"/>
    <property name="user.timezone" value="Asia/Calcutta"/>
    <property name="os.name" value="Windows 10"/>
    <property name="java.vm.specification.version" value="17"/>
    <property name="sun.java.launcher" value="SUN_STANDARD"/>
    <property name="user.country" value="IN"/>
    <property name="sun.boot.library.path" value="C:\Program Files\Java\jdk-17.0.1\bin"/>
    <property name="sun.java.command" value="C:\Users\Lokanath Reddy\AppData\Local\Temp\surefire13297538199287796184\surefirebooter15065296818927575624.jar C:\Users\Lokanath Reddy\AppData\Local\Temp\surefire13297538199287796184 2022-02-06T18-04-38_057-jvmRun1 surefire2627036294175233544tmp surefire_01452939281350584796tmp"/>
    <property name="jdk.debug" value="release"/>
    <property name="surefire.test.class.path" value="C:\Users\Lokanath Reddy\eclipse-workspace\paraBank\target\test-classes;C:\Users\Lokanath Reddy\eclipse-workspace\paraBank\target\classes;C:\Users\Lokanath Reddy\.m2\repository\org\projectlombok\lombok\1.18.22\lombok-1.18.22.jar;C:\Users\Lokanath Reddy\.m2\repository\io\github\bonigarcia\webdrivermanager\5.0.3\webdrivermanager-5.0.3.jar;C:\Users\Lokanath Reddy\.m2\repository\org\slf4j\slf4j-api\1.7.32\slf4j-api-1.7.32.jar;C:\Users\Lokanath Reddy\.m2\repository\com\google\code\gson\gson\2.8.8\gson-2.8.8.jar;C:\Users\Lokanath Reddy\.m2\repository\org\jsoup\jsoup\1.14.2\jsoup-1.14.2.jar;C:\Users\Lokanath Reddy\.m2\repository\com\github\docker-java\docker-java\3.2.12\docker-java-3.2.12.jar;C:\Users\Lokanath Reddy\.m2\repository\com\github\docker-java\docker-java-core\3.2.12\docker-java-core-3.2.12.jar;C:\Users\Lokanath Reddy\.m2\repository\com\github\docker-java\docker-java-api\3.2.12\docker-java-api-3.2.12.jar;C:\Users\Lokanath Reddy\.m2\repository\com\fasterxml\jackson\core\jackson-annotations\2.10.3\jackson-annotations-2.10.3.jar;C:\Users\Lokanath Reddy\.m2\repository\org\apache\commons\commons-compress\1.21\commons-compress-1.21.jar;C:\Users\Lokanath Reddy\.m2\repository\commons-lang\commons-lang\2.6\commons-lang-2.6.jar;C:\Users\Lokanath Reddy\.m2\repository\com\fasterxml\jackson\core\jackson-databind\2.10.3\jackson-databind-2.10.3.jar;C:\Users\Lokanath Reddy\.m2\repository\com\fasterxml\jackson\core\jackson-core\2.10.3\jackson-core-2.10.3.jar;C:\Users\Lokanath Reddy\.m2\repository\org\bouncycastle\bcpkix-jdk15on\1.64\bcpkix-jdk15on-1.64.jar;C:\Users\Lokanath Reddy\.m2\repository\org\bouncycastle\bcprov-jdk15on\1.64\bcprov-jdk15on-1.64.jar;C:\Users\Lokanath Reddy\.m2\repository\org\slf4j\jcl-over-slf4j\1.7.30\jcl-over-slf4j-1.7.30.jar;C:\Users\Lokanath Reddy\.m2\repository\com\github\docker-java\docker-java-transport-httpclient5\3.2.12\docker-java-transport-httpclient5-3.2.12.jar;C:\Users\Lokanath Reddy\.m2\repository\com\github\docker-java\docker-java-transport\3.2.12\docker-java-transport-3.2.12.jar;C:\Users\Lokanath Reddy\.m2\repository\org\apache\httpcomponents\client5\httpclient5\5.0.3\httpclient5-5.0.3.jar;C:\Users\Lokanath Reddy\.m2\repository\org\apache\httpcomponents\core5\httpcore5\5.0.2\httpcore5-5.0.2.jar;C:\Users\Lokanath Reddy\.m2\repository\net\java\dev\jna\jna\5.8.0\jna-5.8.0.jar;C:\Users\Lokanath Reddy\.m2\repository\com\google\guava\guava\30.1.1-jre\guava-30.1.1-jre.jar;C:\Users\Lokanath Reddy\.m2\repository\com\google\guava\failureaccess\1.0.1\failureaccess-1.0.1.jar;C:\Users\Lokanath Reddy\.m2\repository\com\google\guava\listenablefuture\9999.0-empty-to-avoid-conflict-with-guava\listenablefuture-9999.0-empty-to-avoid-conflict-with-guava.jar;C:\Users\Lokanath Reddy\.m2\repository\org\checkerframework\checker-qual\3.8.0\checker-qual-3.8.0.jar;C:\Users\Lokanath Reddy\.m2\repository\com\google\errorprone\error_prone_annotations\2.5.1\error_prone_annotations-2.5.1.jar;C:\Users\Lokanath Reddy\.m2\repository\com\google\j2objc\j2objc-annotations\1.3\j2objc-annotations-1.3.jar;C:\Users\Lokanath Reddy\.m2\repository\org\brotli\dec\0.1.2\dec-0.1.2.jar;C:\Users\Lokanath Reddy\.m2\repository\org\testng\testng\7.5\testng-7.5.jar;C:\Users\Lokanath Reddy\.m2\repository\com\google\code\findbugs\jsr305\3.0.1\jsr305-3.0.1.jar;C:\Users\Lokanath Reddy\.m2\repository\com\beust\jcommander\1.78\jcommander-1.78.jar;C:\Users\Lokanath Reddy\.m2\repository\org\webjars\jquery\3.5.1\jquery-3.5.1.jar;C:\Users\Lokanath Reddy\.m2\repository\commons-io\commons-io\2.6\commons-io-2.6.jar;C:\Users\Lokanath Reddy\.m2\repository\com\aventstack\extentreports\5.0.9\extentreports-5.0.9.jar;C:\Users\Lokanath Reddy\.m2\repository\io\reactivex\rxjava3\rxjava\3.0.4\rxjava-3.0.4.jar;C:\Users\Lokanath Reddy\.m2\repository\org\reactivestreams\reactive-streams\1.0.3\reactive-streams-1.0.3.jar;C:\Users\Lokanath Reddy\.m2\repository\org\freemarker\freemarker\2.3.30\freemarker-2.3.30.jar;C:\Users\Lokanath Reddy\.m2\repository\org\apache\poi\poi\3.13\poi-3.13.jar;C:\Users\Lokanath Reddy\.m2\repository\commons-codec\commons-codec\1.9\commons-codec-1.9.jar;C:\Users\Lokanath Reddy\.m2\repository\org\apache\poi\poi-ooxml\3.13\poi-ooxml-3.13.jar;C:\Users\Lokanath Reddy\.m2\repository\org\apache\poi\poi-ooxml-schemas\3.9\poi-ooxml-schemas-3.9.jar;C:\Users\Lokanath Reddy\.m2\repository\org\apache\xmlbeans\xmlbeans\2.3.0\xmlbeans-2.3.0.jar;C:\Users\Lokanath Reddy\.m2\repository\stax\stax-api\1.0.1\stax-api-1.0.1.jar;C:\Users\Lokanath Reddy\.m2\repository\org\apache\poi\poi-scratchpad\3.9\poi-scratchpad-3.9.jar;C:\Users\Lokanath Reddy\.m2\repository\org\apache\poi\ooxml-schemas\1.1\ooxml-schemas-1.1.jar;C:\Users\Lokanath Reddy\.m2\repository\org\apache\poi\openxml4j\1.0-beta\openxml4j-1.0-beta.jar;C:\Users\Lokanath Reddy\.m2\repository\dom4j\dom4j\1.6.1\dom4j-1.6.1.jar;C:\Users\Lokanath Reddy\.m2\repository\xml-apis\xml-apis\1.0.b2\xml-apis-1.0.b2.jar;C:\Users\Lokanath Reddy\.m2\repository\log4j\log4j\1.2.8\log4j-1.2.8.jar;C:\Users\Lokanath Reddy\.m2\repository\org\seleniumhq\selenium\selenium-java\3.141.0\selenium-java-3.141.0.jar;C:\Users\Lokanath Reddy\.m2\repository\org\seleniumhq\selenium\selenium-api\3.141.0\selenium-api-3.141.0.jar;C:\Users\Lokanath Reddy\.m2\repository\org\seleniumhq\selenium\selenium-chrome-driver\3.141.0\selenium-chrome-driver-3.141.0.jar;C:\Users\Lokanath Reddy\.m2\repository\org\seleniumhq\selenium\selenium-edge-driver\3.141.0\selenium-edge-driver-3.141.0.jar;C:\Users\Lokanath Reddy\.m2\repository\org\seleniumhq\selenium\selenium-firefox-driver\3.141.0\selenium-firefox-driver-3.141.0.jar;C:\Users\Lokanath Reddy\.m2\repository\org\seleniumhq\selenium\selenium-ie-driver\3.141.0\selenium-ie-driver-3.141.0.jar;C:\Users\Lokanath Reddy\.m2\repository\org\seleniumhq\selenium\selenium-opera-driver\3.141.0\selenium-opera-driver-3.141.0.jar;C:\Users\Lokanath Reddy\.m2\repository\org\seleniumhq\selenium\selenium-remote-driver\3.141.0\selenium-remote-driver-3.141.0.jar;C:\Users\Lokanath Reddy\.m2\repository\org\seleniumhq\selenium\selenium-safari-driver\3.141.0\selenium-safari-driver-3.141.0.jar;C:\Users\Lokanath Reddy\.m2\repository\org\seleniumhq\selenium\selenium-support\3.141.0\selenium-support-3.141.0.jar;C:\Users\Lokanath Reddy\.m2\repository\net\bytebuddy\byte-buddy\1.8.15\byte-buddy-1.8.15.jar;C:\Users\Lokanath Reddy\.m2\repository\org\apache\commons\commons-exec\1.3\commons-exec-1.3.jar;C:\Users\Lokanath Reddy\.m2\repository\com\squareup\okhttp3\okhttp\3.11.0\okhttp-3.11.0.jar;C:\Users\Lokanath Reddy\.m2\repository\com\squareup\okio\okio\1.14.0\okio-1.14.0.jar;C:\Users\Lokanath Reddy\.m2\repository\com\relevantcodes\extentreports\2.41.2\extentreports-2.41.2.jar;C:\Users\Lokanath Reddy\.m2\repository\org\xerial\sqlite-jdbc\3.8.11.1\sqlite-jdbc-3.8.11.1.jar;C:\Users\Lokanath Reddy\.m2\repository\org\mongodb\mongodb-driver\3.0.4\mongodb-driver-3.0.4.jar;C:\Users\Lokanath Reddy\.m2\repository\org\mongodb\bson\3.0.4\bson-3.0.4.jar;C:\Users\Lokanath Reddy\.m2\repository\org\mongodb\mongodb-driver-core\3.0.4\mongodb-driver-core-3.0.4.jar;"/>
    <property name="sun.cpu.endian" value="little"/>
    <property name="user.home" value="C:\Users\Lokanath Reddy"/>
    <property name="user.language" value="en"/>
    <property name="java.specification.vendor" value="Oracle Corporation"/>
    <property name="java.version.date" value="2021-10-19"/>
    <property name="java.home" value="C:\Program Files\Java\jdk-17.0.1"/>
    <property name="file.separator" value="\"/>
    <property name="basedir" value="C:\Users\Lokanath Reddy\eclipse-workspace\paraBank"/>
    <property name="java.vm.compressedOopsMode" value="Zero based"/>
    <property name="line.separator" value="&#10;"/>
    <property name="java.vm.specification.vendor" value="Oracle Corporation"/>
    <property name="java.specification.name" value="Java Platform API Specification"/>
    <property name="surefire.real.class.path" value="C:\Users\Lokanath Reddy\AppData\Local\Temp\surefire13297538199287796184\surefirebooter15065296818927575624.jar"/>
    <property name="user.script" value=""/>
    <property name="sun.management.compiler" value="HotSpot 64-Bit Tiered Compilers"/>
    <property name="java.runtime.version" value="17.0.1+12-LTS-39"/>
    <property name="user.name" value="Lokanath Reddy"/>
    <property name="path.separator" value=";"/>
    <property name="os.version" value="10.0"/>
    <property name="java.runtime.name" value="Java(TM) SE Runtime Environment"/>
    <property name="file.encoding" value="Cp1252"/>
    <property name="java.vm.name" value="Java HotSpot(TM) 64-Bit Server VM"/>
    <property name="localRepository" value="C:\Users\Lokanath Reddy\.m2\repository"/>
    <property name="java.vendor.url.bug" value="https://bugreport.java.com/bugreport/"/>
    <property name="java.io.tmpdir" value="C:\Users\LOKANA~1\AppData\Local\Temp\"/>
    <property name="java.version" value="17.0.1"/>
    <property name="user.dir" value="C:\Users\Lokanath Reddy\eclipse-workspace\paraBank"/>
    <property name="os.arch" value="amd64"/>
    <property name="java.vm.specification.name" value="Java Virtual Machine Specification"/>
    <property name="sun.os.patch.level" value=""/>
    <property name="native.encoding" value="Cp1252"/>
    <property name="java.library.path" value="C:\Program Files\Java\jdk-17.0.1\bin;C:\windows\Sun\Java\bin;C:\windows\system32;C:\windows;C:/Program Files/Java/jdk-17.0.1/bin/server;C:/Program Files/Java/jdk-17.0.1/bin;C:\Program Files\Common Files\Oracle\Java\javapath;C:\Program Files (x86)\Common Files\Oracle\Java\javapath;C:\windows\system32;C:\windows;C:\windows\System32\Wbem;C:\windows\System32\WindowsPowerShell\v1.0\;C:\windows\System32\OpenSSH\;C:\Program Files\Amazon\AWSCLIV2\;C:\Program Files\Java\jdk-17.0.1\bin;C:\apache-maven-3.8.4\bin;C:\Program Files\Java\jre1.8.0_321\bin;C:\Users\Lokanath Reddy\Downloads\gradle-7.3.3\bin;C:\Program Files\Git\cmd;C:\Users\Lokanath Reddy\AppData\Local\Microsoft\WindowsApps;;C:\Users\Lokanath Reddy\OneDrive\Desktop;;."/>
    <property name="java.vm.info" value="mixed mode, sharing"/>
    <property name="java.vendor" value="Oracle Corporation"/>
    <property name="java.vm.version" value="17.0.1+12-LTS-39"/>
    <property name="sun.io.unicode.encoding" value="UnicodeLittle"/>
    <property name="java.class.version" value="61.0"/>
  </properties>
  <testcase name="htitle" classname="com.qa.Test.TchomePage" time="0.019">
    <system-err><![CDATA[SLF4J: Failed to load class "org.slf4j.impl.StaticLoggerBinder".
SLF4J: Defaulting to no-operation (NOP) logger implementation
SLF4J: See http://www.slf4j.org/codes.html#StaticLoggerBinder for further details.
Starting ChromeDriver 97.0.4692.71 (adefa7837d02a07a604c1e6eff0b3a09422ab88d-refs/branch-heads/4692@{#1247}) on port 42904
Only local connections are allowed.
Please see https://chromedriver.chromium.org/security-considerations for suggestions on keeping ChromeDriver safe.
ChromeDriver was started successfully.
Feb 06, 2022 6:04:40 PM org.openqa.selenium.remote.ProtocolHandshake createSession
INFO: Detected dialect: W3C
]]></system-err>
  </testcase>
  <testcase name="log" classname="com.qa.Test.TchomePage" time="1.14">
    <system-out><![CDATA[Trying to find Element By : By.xpath: //input[@name='username']
Found Element By : By.xpath: //input[@name='username']
Trying to find Element By : By.xpath: //input[@name='password']
Found Element By : By.xpath: //input[@name='password']
Trying to find Element By : By.xpath: //input[@value='Log In']
Found Element By : By.xpath: //input[@value='Log In']
Trying to click on: [[ChromeDriver: chrome on WINDOWS (05fe41bceaa7ed781ef9785e07f75ac4)] -> xpath: //input[@value='Log In']]
Clicked on: [[ChromeDriver: chrome on WINDOWS (05fe41bceaa7ed781ef9785e07f75ac4)] -> xpath: //input[@value='Log In']]
]]></system-out>
  </testcase>
  <testcase name="con" classname="com.qa.Test.TchomePage" time="0.965">
    <system-out><![CDATA[Trying to find Element By : By.xpath: //a[text()='Open New Account']
Found Element By : By.xpath: //a[text()='Open New Account']
Trying to click on: [[ChromeDriver: chrome on WINDOWS (05fe41bceaa7ed781ef9785e07f75ac4)] -> xpath: //a[text()='Open New Account']]
Clicked on: [[ChromeDriver: chrome on WINDOWS (05fe41bceaa7ed781ef9785e07f75ac4)] -> xpath: //a[text()='Open New Account']]
]]></system-out>
  </testcase>
  <testcase name="ltitle" classname="com.qa.Test.TchomePage" time="0.008"/>
  <testcase name="t1" classname="com.qa.Test.TcloanRequest" time="2.864">
    <system-out><![CDATA[Trying to find Element By : By.xpath: //input[@name='username']
Found Element By : By.xpath: //input[@name='username']
Trying to find Element By : By.xpath: //input[@name='password']
Found Element By : By.xpath: //input[@name='password']
Trying to find Element By : By.xpath: //input[@value='Log In']
Found Element By : By.xpath: //input[@value='Log In']
Trying to click on: [[ChromeDriver: chrome on WINDOWS (038421b469a44606d66299ac66c9140f)] -> xpath: //input[@value='Log In']]
Clicked on: [[ChromeDriver: chrome on WINDOWS (038421b469a44606d66299ac66c9140f)] -> xpath: //input[@value='Log In']]
Trying to find Element By : By.xpath: //a[text()='Request Loan'] 
Found Element By : By.xpath: //a[text()='Request Loan'] 
Trying to click on: [[ChromeDriver: chrome on WINDOWS (038421b469a44606d66299ac66c9140f)] -> xpath: //a[text()='Request Loan'] ]
Clicked on: [[ChromeDriver: chrome on WINDOWS (038421b469a44606d66299ac66c9140f)] -> xpath: //a[text()='Request Loan'] ]
Trying to find Element By : By.xpath: //input[@id='amount']   
Found Element By : By.xpath: //input[@id='amount']   
Trying to find Element By : By.xpath: //input[@id='downPayment']  
Found Element By : By.xpath: //input[@id='downPayment']  
Trying to find Element By : By.xpath: //input[@value='Apply Now'] 
Found Element By : By.xpath: //input[@value='Apply Now'] 
Trying to click on: [[ChromeDriver: chrome on WINDOWS (038421b469a44606d66299ac66c9140f)] -> xpath: //input[@value='Apply Now'] ]
Clicked on: [[ChromeDriver: chrome on WINDOWS (038421b469a44606d66299ac66c9140f)] -> xpath: //input[@value='Apply Now'] ]
]]></system-out>
    <system-err><![CDATA[Starting ChromeDriver 97.0.4692.71 (adefa7837d02a07a604c1e6eff0b3a09422ab88d-refs/branch-heads/4692@{#1247}) on port 3845
Only local connections are allowed.
Please see https://chromedriver.chromium.org/security-considerations for suggestions on keeping ChromeDriver safe.
ChromeDriver was started successfully.
Feb 06, 2022 6:04:50 PM org.openqa.selenium.remote.ProtocolHandshake createSession
INFO: Detected dialect: W3C
]]></system-err>
  </testcase>
  <testcase name="aotitle" classname="com.qa.Test.TcloanRequest" time="0.28">
    <system-out><![CDATA[Trying to find Element By : By.xpath: //p[text()='Congratulations, your loan has been approved.'] 
Found Element By : By.xpath: //p[text()='Congratulations, your loan has been approved.'] 
]]></system-out>
  </testcase>
  <testcase name="htitle" classname="com.qa.Test.TcloanRequest" time="0.006"/>
  <testcase name="t1" classname="com.qa.Test.TctransFund" time="4.588">
    <system-out><![CDATA[Trying to find Element By : By.xpath: //input[@name='username']
Found Element By : By.xpath: //input[@name='username']
Trying to find Element By : By.xpath: //input[@name='password']
Found Element By : By.xpath: //input[@name='password']
Trying to find Element By : By.xpath: //input[@value='Log In']
Found Element By : By.xpath: //input[@value='Log In']
Trying to click on: [[ChromeDriver: chrome on WINDOWS (f3d6fd63b3f3c69163e0dbb266fdb2b7)] -> xpath: //input[@value='Log In']]
Clicked on: [[ChromeDriver: chrome on WINDOWS (f3d6fd63b3f3c69163e0dbb266fdb2b7)] -> xpath: //input[@value='Log In']]
Trying to find Element By : By.xpath: //a[text()='Transfer Funds'] 
Found Element By : By.xpath: //a[text()='Transfer Funds'] 
Trying to click on: [[ChromeDriver: chrome on WINDOWS (f3d6fd63b3f3c69163e0dbb266fdb2b7)] -> xpath: //a[text()='Transfer Funds'] ]
Clicked on: [[ChromeDriver: chrome on WINDOWS (f3d6fd63b3f3c69163e0dbb266fdb2b7)] -> xpath: //a[text()='Transfer Funds'] ]
Trying to find Element By : By.xpath: //input[@id='amount']   
Found Element By : By.xpath: //input[@id='amount']   
Trying to find Element By : By.xpath: //input[@value='Transfer']  
Found Element By : By.xpath: //input[@value='Transfer']  
Trying to click on: [[ChromeDriver: chrome on WINDOWS (f3d6fd63b3f3c69163e0dbb266fdb2b7)] -> xpath: //input[@value='Transfer']  ]
Clicked on: [[ChromeDriver: chrome on WINDOWS (f3d6fd63b3f3c69163e0dbb266fdb2b7)] -> xpath: //input[@value='Transfer']  ]
]]></system-out>
    <system-err><![CDATA[Starting ChromeDriver 97.0.4692.71 (adefa7837d02a07a604c1e6eff0b3a09422ab88d-refs/branch-heads/4692@{#1247}) on port 40339
Only local connections are allowed.
Please see https://chromedriver.chromium.org/security-considerations for suggestions on keeping ChromeDriver safe.
ChromeDriver was started successfully.
Feb 06, 2022 6:05:04 PM org.openqa.selenium.remote.ProtocolHandshake createSession
INFO: Detected dialect: W3C
]]></system-err>
  </testcase>
  <testcase name="aotitle" classname="com.qa.Test.TctransFund" time="0.028">
    <system-out><![CDATA[Trying to find Element By : By.xpath: //h1[text()='Transfer Complete!']
Found Element By : By.xpath: //h1[text()='Transfer Complete!']
]]></system-out>
  </testcase>
  <testcase name="htitle" classname="com.qa.Test.TctransFund" time="0.004"/>
</testsuite>