<?xml version="1.0" encoding="UTF-8"?>
<!-- Generated by org.testng.reporters.JUnitReportReporter -->
<testsuite hostname="LAPTOP-D5TRON7H" failures="0" tests="3" name="com.qa.Test.TcAccOverview" time="1.180" errors="0" timestamp="2022-02-06T09:04:11 IST" skipped="0">
  <testcase classname="com.qa.Test.TcAccOverview" name="htitle" time="0.005"/>
  <system-out/>
  <testcase classname="com.qa.Test.TcAccOverview" name="add" time="1.150"/>
  <system-out/>
  <testcase classname="com.qa.Test.TcAccOverview" name="aotitle" time="0.025"/>
  <system-out/>
</testsuite> <!-- com.qa.Test.TcAccOverview -->
