<?xml version="1.0" encoding="UTF-8"?>
<!-- Generated by org.testng.reporters.JUnitReportReporter -->
<testsuite hostname="LAPTOP-D5TRON7H" failures="0" tests="2" name="com.qa.Test.TcRegPage" time="3.018" errors="0" timestamp="2022-02-05T22:38:25 IST" skipped="0">
  <testcase classname="com.qa.Test.TcRegPage" name="regFill" time="2.950"/>
  <system-out/>
  <testcase classname="com.qa.Test.TcRegPage" name="ver" time="0.068"/>
  <system-out/>
</testsuite> <!-- com.qa.Test.TcRegPage -->
