<?xml version="1.0" encoding="UTF-8"?>
<!-- Generated by org.testng.reporters.JUnitReportReporter -->
<testsuite hostname="LAPTOP-D5TRON7H" failures="0" tests="4" name="com.qa.Test.TcopenNewAcc" time="1.098" errors="0" timestamp="2022-02-06T09:04:11 IST" skipped="0">
  <testcase classname="com.qa.Test.TcopenNewAcc" name="htitle" time="0.004"/>
  <system-out/>
  <testcase classname="com.qa.Test.TcopenNewAcc" name="add" time="0.370"/>
  <system-out/>
  <testcase classname="com.qa.Test.TcopenNewAcc" name="otitle" time="0.395"/>
  <system-out/>
  <testcase classname="com.qa.Test.TcopenNewAcc" name="aoc" time="0.329"/>
  <system-out/>
</testsuite> <!-- com.qa.Test.TcopenNewAcc -->
