<?xml version="1.0" encoding="UTF-8"?>
<!-- Generated by org.testng.reporters.JUnitReportReporter -->
<testsuite hostname="LAPTOP-D5TRON7H" failures="0" tests="4" name="com.qa.Test.TchomePage" time="2.151" errors="0" timestamp="2022-02-06T18:05:14 IST" skipped="0">
  <testcase classname="com.qa.Test.TchomePage" name="htitle" time="0.041"/>
  <system-out/>
  <testcase classname="com.qa.Test.TchomePage" name="log" time="1.133"/>
  <system-out/>
  <testcase classname="com.qa.Test.TchomePage" name="con" time="0.967"/>
  <system-out/>
  <testcase classname="com.qa.Test.TchomePage" name="ltitle" time="0.010"/>
  <system-out/>
</testsuite> <!-- com.qa.Test.TchomePage -->
