<?xml version="1.0" encoding="UTF-8"?>
<!-- Generated by org.testng.reporters.JUnitReportReporter -->
<testsuite hostname="LAPTOP-D5TRON7H" failures="0" tests="3" name="com.qa.Test.TcloanRequest" time="3.173" errors="0" timestamp="2022-02-06T18:05:14 IST" skipped="0">
  <testcase classname="com.qa.Test.TcloanRequest" name="t1" time="2.881"/>
  <system-out/>
  <testcase classname="com.qa.Test.TcloanRequest" name="aotitle" time="0.285"/>
  <system-out/>
  <testcase classname="com.qa.Test.TcloanRequest" name="htitle" time="0.007"/>
  <system-out/>
</testsuite> <!-- com.qa.Test.TcloanRequest -->
