<?xml version="1.0" encoding="UTF-8"?>
<!-- Generated by org.testng.reporters.JUnitReportReporter -->
<testsuite hostname="LAPTOP-D5TRON7H" failures="0" tests="3" name="com.qa.Test.TctransFund" time="4.633" errors="0" timestamp="2022-02-06T18:05:14 IST" skipped="0">
  <testcase classname="com.qa.Test.TctransFund" name="t1" time="4.597"/>
  <system-out/>
  <testcase classname="com.qa.Test.TctransFund" name="aotitle" time="0.032"/>
  <system-out/>
  <testcase classname="com.qa.Test.TctransFund" name="htitle" time="0.004"/>
  <system-out/>
</testsuite> <!-- com.qa.Test.TctransFund -->
